Using pre-set license
Built from '2020.3/release' branch; Version is '2020.3.12f1 (b3b2c6512326) revision 11776710'; Using compiler version '192528614'; Build Type 'Release'
OS: 'Windows 10 Home; OS build 19041.1052; Version 2004; 64bit' Language: 'fr' Physical Memory: 32599 MB
BatchMode: 1, IsHumanControllingUs: 0, StartBugReporterOnCrash: 0, Is64bit: 1, IsPro: 0

 COMMAND LINE ARGUMENTS:
C:\Program Files\Unity\Hub\Editor\2020.3.12f1\Editor\Unity.exe
-adb2
-batchMode
-noUpm
-name
AssetImportWorker0
-projectPath
C:/Users/lawba/Documents/GitHub/Cold-Sound/Cold-Sound
-logFile
Logs/AssetImportWorker0.log
-srvPort
63102
Successfully changed project path to: C:/Users/lawba/Documents/GitHub/Cold-Sound/Cold-Sound
C:/Users/lawba/Documents/GitHub/Cold-Sound/Cold-Sound
Using Asset Import Pipeline V2.
Refreshing native plugins compatible for Editor in 38.01 ms, found 2 plugins.
Preloading 0 native plugins for Editor in 0.00 ms.
Initialize engine version: 2020.3.12f1 (b3b2c6512326)
[Subsystems] Discovering subsystems at path C:/Program Files/Unity/Hub/Editor/2020.3.12f1/Editor/Data/Resources/UnitySubsystems
[Subsystems] Discovering subsystems at path C:/Users/lawba/Documents/GitHub/Cold-Sound/Cold-Sound/Assets
GfxDevice: creating device client; threaded=0
Direct3D:
    Version:  Direct3D 11.0 [level 11.1]
    Renderer: NVIDIA GeForce RTX 2060 (ID=0x1f15)
    Vendor:   
    VRAM:     5980 MB
    Driver:   27.21.14.6663
Initialize mono
Mono path[0] = 'C:/Program Files/Unity/Hub/Editor/2020.3.12f1/Editor/Data/Managed'
Mono path[1] = 'C:/Program Files/Unity/Hub/Editor/2020.3.12f1/Editor/Data/MonoBleedingEdge/lib/mono/unityjit'
Mono config path = 'C:/Program Files/Unity/Hub/Editor/2020.3.12f1/Editor/Data/MonoBleedingEdge/etc'
Using monoOptions --debugger-agent=transport=dt_socket,embedding=1,server=y,suspend=n,address=127.0.0.1:56176
Begin MonoManager ReloadAssembly
Registering precompiled unity dll's ...
Register platform support module: C:/Program Files/Unity/Hub/Editor/2020.3.12f1/Editor/Data/PlaybackEngines/WindowsStandaloneSupport/UnityEditor.WindowsStandalone.Extensions.dll
Registered in 0.001661 seconds.
Native extension for WindowsStandalone target not found
Refreshing native plugins compatible for Editor in 33.02 ms, found 2 plugins.
Preloading 0 native plugins for Editor in 0.00 ms.
Mono: successfully reloaded assembly
- Completed reload, in  0.913 seconds
Platform modules already initialized, skipping
Registering precompiled user dll's ...
Registered in 0.003695 seconds.
Begin MonoManager ReloadAssembly
Native extension for WindowsStandalone target not found
Refreshing native plugins compatible for Editor in 0.37 ms, found 2 plugins.
Preloading 0 native plugins for Editor in 0.00 ms.
Mono: successfully reloaded assembly
- Completed reload, in  0.966 seconds
Platform modules already initialized, skipping
========================================================================
Worker process is ready to serve import requests
Launched and connected shader compiler UnityShaderCompiler.exe after 0.03 seconds
Refreshing native plugins compatible for Editor in 0.41 ms, found 2 plugins.
Preloading 0 native plugins for Editor in 0.00 ms.
Unloading 1914 Unused Serialized files (Serialized files now loaded: 0)
System memory in use before: 108.8 MB.
System memory in use after: 108.9 MB.

Unloading 81 unused Assets to reduce memory usage. Loaded Objects now: 2367.
Total: 2.701000 ms (FindLiveObjects: 0.268700 ms CreateObjectMapping: 0.099700 ms MarkObjects: 2.119600 ms  DeleteObjects: 0.211500 ms)

AssetImportParameters requested are different than current active one (requested -> active):
  custom:framework-win-MediaFoundation: 216162199b28c13a410421893ffa2e32 -> 
  custom:video-decoder-ogg-theora: a1e56fd34408186e4bbccfd4996cb3dc -> 
  custom:container-muxer-webm: aa71ff27fc2769a1b78a27578f13a17b -> 
  custom:container-demuxer-webm: 4f35f7cbe854078d1ac9338744f61a02 -> 
  custom:container-demuxer-ogg: 62fdf1f143b41e24485cea50d1cbac27 -> 
  custom:video-encoder-webm-vp8: eb34c28f22e8b96e1ab97ce403110664 -> 
  custom:video-decoder-webm-vp8: 9c59270c3fd7afecdb556c50c9e8de78 -> 
  custom:audio-decoder-ogg-vorbis: bf7c407c2cedff20999df2af8eb42d56 -> 
  custom:audio-encoder-webm-vorbis: bf7c407c2cedff20999df2af8eb42d56 -> 
========================================================================
Received Import Request.
  path: Assets/Scenes/Base_Scene_Alex.unity
  artifactKey: Guid(8784c623d91b9ea4bb8f20b7422ee05e) Importer(815301076,1909f56bfc062723c751e8b465ee728b)
Start importing Assets/Scenes/Base_Scene_Alex.unity using Guid(8784c623d91b9ea4bb8f20b7422ee05e) Importer(815301076,1909f56bfc062723c751e8b465ee728b)  -> (artifact id: 'abedc8a52db8577b2b1ae4317ebf7083') in 0.010485 seconds 
  Import took 0.013349 seconds .

========================================================================
Received Import Request.
  Time since last request: 102.803241 seconds.
  path: Assets/Scenes/SampleScene.unity
  artifactKey: Guid(69027f70106b03040b9723ef4db0b56e) Importer(815301076,1909f56bfc062723c751e8b465ee728b)
Start importing Assets/Scenes/SampleScene.unity using Guid(69027f70106b03040b9723ef4db0b56e) Importer(815301076,1909f56bfc062723c751e8b465ee728b)  -> (artifact id: '61d9e3bcc344e3f71fb3793a0e80e60f') in 0.003264 seconds 
  Import took 0.005953 seconds .

========================================================================
Received Prepare
Registering precompiled user dll's ...
Registered in 0.004306 seconds.
Begin MonoManager ReloadAssembly
Native extension for WindowsStandalone target not found
Refreshing native plugins compatible for Editor in 0.45 ms, found 2 plugins.
Preloading 0 native plugins for Editor in 0.00 ms.
Warning: Annotation not found!
UnityEngine.StackTraceUtility:ExtractStackTrace ()
UnityEditor.ProBuilder.EditorUtility:SetGizmoIconEnabled (System.Type,bool) (at Library/PackageCache/com.unity.probuilder@4.5.0/Editor/EditorCore/EditorUtility.cs:593)
UnityEditor.ProBuilder.HierarchyListener:.cctor () (at Library/PackageCache/com.unity.probuilder@4.5.0/Editor/EditorCore/HierarchyListener.cs:21)
System.Runtime.CompilerServices.RuntimeHelpers:RunClassConstructor (System.RuntimeTypeHandle)
UnityEditor.EditorAssemblies:ProcessInitializeOnLoadAttributes (System.Type[])

[Library/PackageCache/com.unity.probuilder@4.5.0/Editor/EditorCore/EditorUtility.cs line 593]

Mono: successfully reloaded assembly
- Completed reload, in  1.099 seconds
Platform modules already initialized, skipping
Refreshing native plugins compatible for Editor in 0.39 ms, found 2 plugins.
Preloading 0 native plugins for Editor in 0.00 ms.
Unloading 1837 Unused Serialized files (Serialized files now loaded: 0)
System memory in use before: 102.2 MB.
System memory in use after: 102.3 MB.

Unloading 14 unused Assets to reduce memory usage. Loaded Objects now: 2370.
Total: 1.939700 ms (FindLiveObjects: 0.169300 ms CreateObjectMapping: 0.065100 ms MarkObjects: 1.603400 ms  DeleteObjects: 0.101200 ms)

AssetImportParameters requested are different than current active one (requested -> active):
  custom:framework-win-MediaFoundation: 216162199b28c13a410421893ffa2e32 -> 
  custom:video-decoder-ogg-theora: a1e56fd34408186e4bbccfd4996cb3dc -> 
  custom:container-muxer-webm: aa71ff27fc2769a1b78a27578f13a17b -> 
  custom:container-demuxer-webm: 4f35f7cbe854078d1ac9338744f61a02 -> 
  custom:container-demuxer-ogg: 62fdf1f143b41e24485cea50d1cbac27 -> 
  custom:video-encoder-webm-vp8: eb34c28f22e8b96e1ab97ce403110664 -> 
  custom:video-decoder-webm-vp8: 9c59270c3fd7afecdb556c50c9e8de78 -> 
  custom:audio-decoder-ogg-vorbis: bf7c407c2cedff20999df2af8eb42d56 -> 
  custom:audio-encoder-webm-vorbis: bf7c407c2cedff20999df2af8eb42d56 -> 
========================================================================
Received Import Request.
  Time since last request: 258.421518 seconds.
  path: Assets/Law_SkyBox/Night Moon High - Copie/Night Moon High SimpleCloudLayer 2/Night Moon High SimpleCloudLayer 2.png
  artifactKey: Guid(383ee0f36d66a44208c08d46f356f8ca) Importer(815301076,1909f56bfc062723c751e8b465ee728b)
Start importing Assets/Law_SkyBox/Night Moon High - Copie/Night Moon High SimpleCloudLayer 2/Night Moon High SimpleCloudLayer 2.png using Guid(383ee0f36d66a44208c08d46f356f8ca) Importer(815301076,1909f56bfc062723c751e8b465ee728b)  -> (artifact id: '0982bacd373aa8d8580ee270f5d85bd4') in 0.234980 seconds 
  Import took 0.238733 seconds .

========================================================================
Received Import Request.
  Time since last request: 0.000279 seconds.
  path: Assets/Law_SkyBox/Night Moon High - Copie/Night Moon High SimpleCloudLayer 2/Sky_Night Moon High SimpleCloudLayer 2_Cam_0_Front+Z.png
  artifactKey: Guid(ce8669ff8c5944ee8a6c754d2dd1a719) Importer(815301076,1909f56bfc062723c751e8b465ee728b)
Start importing Assets/Law_SkyBox/Night Moon High - Copie/Night Moon High SimpleCloudLayer 2/Sky_Night Moon High SimpleCloudLayer 2_Cam_0_Front+Z.png using Guid(ce8669ff8c5944ee8a6c754d2dd1a719) Importer(815301076,1909f56bfc062723c751e8b465ee728b)  -> (artifact id: '94cf96b9628673646c45a1ab15c97256') in 0.022335 seconds 
  Import took 0.025501 seconds .

========================================================================
Received Import Request.
  Time since last request: 0.000220 seconds.
  path: Assets/Law_SkyBox/Night Moon High - Copie/Night Moon High SimpleCloudLayer 2/Sky_Night Moon High SimpleCloudLayer 2_Cam_3_Right-X.png
  artifactKey: Guid(b9256dc353e394470a2d23ba0e1fed03) Importer(815301076,1909f56bfc062723c751e8b465ee728b)
Start importing Assets/Law_SkyBox/Night Moon High - Copie/Night Moon High SimpleCloudLayer 2/Sky_Night Moon High SimpleCloudLayer 2_Cam_3_Right-X.png using Guid(b9256dc353e394470a2d23ba0e1fed03) Importer(815301076,1909f56bfc062723c751e8b465ee728b)  -> (artifact id: 'c16aa511c17b41fcdb64db5ac0478b8d') in 0.017374 seconds 
  Import took 0.020252 seconds .

========================================================================
Received Import Request.
  Time since last request: 0.000320 seconds.
  path: Assets/Resources/Sons/Ploufs/Water Splash 4.wav
  artifactKey: Guid(938484eb0f7f5104e99121d3a4780143) Importer(815301076,1909f56bfc062723c751e8b465ee728b)
Start importing Assets/Resources/Sons/Ploufs/Water Splash 4.wav using Guid(938484eb0f7f5104e99121d3a4780143) Importer(815301076,1909f56bfc062723c751e8b465ee728b)  -> (artifact id: '0236596a07f07563261673eaf8e8c3a4') in 0.025903 seconds 
  Import took 0.028671 seconds .

========================================================================
Received Import Request.
  Time since last request: 0.000212 seconds.
  path: Assets/Law_SkyBox/Night Moon High - Copie/Night Moon High SimpleCloudLayer 2/Sky_Night Moon High SimpleCloudLayer 2_Cam_4_Up+Y.png
  artifactKey: Guid(a31b9d750e97f46c295093a7183d180d) Importer(815301076,1909f56bfc062723c751e8b465ee728b)
Start importing Assets/Law_SkyBox/Night Moon High - Copie/Night Moon High SimpleCloudLayer 2/Sky_Night Moon High SimpleCloudLayer 2_Cam_4_Up+Y.png using Guid(a31b9d750e97f46c295093a7183d180d) Importer(815301076,1909f56bfc062723c751e8b465ee728b)  -> (artifact id: '7a90f8e38c7ddec7253f736966ee4683') in 0.016153 seconds 
  Import took 0.018834 seconds .

========================================================================
Received Import Request.
  Time since last request: 0.000321 seconds.
  path: Assets/Law_SkyBox/Night Moon High - Copie/Night Moon High SimpleCloudLayer 2/Sky_Night Moon High SimpleCloudLayer 2_Cam_1_Back-Z.png
  artifactKey: Guid(3cfd6b88d8343473b8525ede4ee835cf) Importer(815301076,1909f56bfc062723c751e8b465ee728b)
Start importing Assets/Law_SkyBox/Night Moon High - Copie/Night Moon High SimpleCloudLayer 2/Sky_Night Moon High SimpleCloudLayer 2_Cam_1_Back-Z.png using Guid(3cfd6b88d8343473b8525ede4ee835cf) Importer(815301076,1909f56bfc062723c751e8b465ee728b)  -> (artifact id: 'ba17f8cce615de135fb1ecd5fc2f13f1') in 0.018597 seconds 
  Import took 0.022017 seconds .

========================================================================
Received Import Request.
  Time since last request: 0.000301 seconds.
  path: Assets/Resources/Sons/Ploufs/Water Splash 6.wav
  artifactKey: Guid(481a83dde875a8f49915f4bb589c0e7e) Importer(815301076,1909f56bfc062723c751e8b465ee728b)
Start importing Assets/Resources/Sons/Ploufs/Water Splash 6.wav using Guid(481a83dde875a8f49915f4bb589c0e7e) Importer(815301076,1909f56bfc062723c751e8b465ee728b)  -> (artifact id: '823c9a1d8ebec2e58352ffdddaafdf53') in 0.012595 seconds 
  Import took 0.015258 seconds .

========================================================================
Received Import Request.
  Time since last request: 0.000331 seconds.
  path: Assets/Resources/Sons/Ploufs/Water Splash 5.wav
  artifactKey: Guid(d131396c595c8e44fad1532fe62a2863) Importer(815301076,1909f56bfc062723c751e8b465ee728b)
Start importing Assets/Resources/Sons/Ploufs/Water Splash 5.wav using Guid(d131396c595c8e44fad1532fe62a2863) Importer(815301076,1909f56bfc062723c751e8b465ee728b)  -> (artifact id: '640f21303a720830e69f7d4754335769') in 0.010353 seconds 
  Import took 0.013390 seconds .

========================================================================
Received Import Request.
  Time since last request: 0.000244 seconds.
  path: Assets/Law_SkyBox/Night Moon High - Copie/Night Moon High SimpleCloudLayer 2/Sky_Night Moon High SimpleCloudLayer 2_Cam_2_Left+X.png
  artifactKey: Guid(6ab13524fa3024841bbdf93e06687cdf) Importer(815301076,1909f56bfc062723c751e8b465ee728b)
Start importing Assets/Law_SkyBox/Night Moon High - Copie/Night Moon High SimpleCloudLayer 2/Sky_Night Moon High SimpleCloudLayer 2_Cam_2_Left+X.png using Guid(6ab13524fa3024841bbdf93e06687cdf) Importer(815301076,1909f56bfc062723c751e8b465ee728b)  -> (artifact id: 'f1d3fa90da6f2b153e7ba2a8a03fe090') in 0.017258 seconds 
  Import took 0.020096 seconds .

========================================================================
Received Import Request.
  Time since last request: 0.000235 seconds.
  path: Assets/Law_SkyBox/Night Moon High - Copie/Night Moon High SimpleCloudLayer 2/Sky_Night Moon High SimpleCloudLayer 2_Cam_5_Down-Y.png
  artifactKey: Guid(d051c4029eadb4792a17db8d00ee244d) Importer(815301076,1909f56bfc062723c751e8b465ee728b)
Start importing Assets/Law_SkyBox/Night Moon High - Copie/Night Moon High SimpleCloudLayer 2/Sky_Night Moon High SimpleCloudLayer 2_Cam_5_Down-Y.png using Guid(d051c4029eadb4792a17db8d00ee244d) Importer(815301076,1909f56bfc062723c751e8b465ee728b)  -> (artifact id: '24458f1db6c3388c4e4e0920ff7d5ddc') in 0.019784 seconds 
  Import took 0.023656 seconds .

========================================================================
Received Import Request.
  Time since last request: 1.950177 seconds.
  path: Assets/Scripts_Law/Player_Movement_Law.cs
  artifactKey: Guid(97f690996e54b3748b20dd574bfd64a9) Importer(815301076,1909f56bfc062723c751e8b465ee728b)
Start importing Assets/Scripts_Law/Player_Movement_Law.cs using Guid(97f690996e54b3748b20dd574bfd64a9) Importer(815301076,1909f56bfc062723c751e8b465ee728b)  -> (artifact id: '0598ad0878f67d0be69c1098d7461afc') in 0.010722 seconds 
  Import took 0.013295 seconds .

========================================================================
Received Prepare
Registering precompiled user dll's ...
Registered in 0.003536 seconds.
Begin MonoManager ReloadAssembly
Native extension for WindowsStandalone target not found
Refreshing native plugins compatible for Editor in 0.38 ms, found 2 plugins.
Preloading 0 native plugins for Editor in 0.00 ms.
Warning: Annotation not found!
UnityEngine.StackTraceUtility:ExtractStackTrace ()
UnityEditor.ProBuilder.EditorUtility:SetGizmoIconEnabled (System.Type,bool) (at Library/PackageCache/com.unity.probuilder@4.5.0/Editor/EditorCore/EditorUtility.cs:593)
UnityEditor.ProBuilder.HierarchyListener:.cctor () (at Library/PackageCache/com.unity.probuilder@4.5.0/Editor/EditorCore/HierarchyListener.cs:21)
System.Runtime.CompilerServices.RuntimeHelpers:RunClassConstructor (System.RuntimeTypeHandle)
UnityEditor.EditorAssemblies:ProcessInitializeOnLoadAttributes (System.Type[])

[Library/PackageCache/com.unity.probuilder@4.5.0/Editor/EditorCore/EditorUtility.cs line 593]

Mono: successfully reloaded assembly
- Completed reload, in  0.873 seconds
Platform modules already initialized, skipping
Refreshing native plugins compatible for Editor in 0.39 ms, found 2 plugins.
Preloading 0 native plugins for Editor in 0.00 ms.
Unloading 1837 Unused Serialized files (Serialized files now loaded: 0)
System memory in use before: 105.4 MB.
System memory in use after: 105.5 MB.

Unloading 14 unused Assets to reduce memory usage. Loaded Objects now: 2408.
Total: 2.029500 ms (FindLiveObjects: 0.160200 ms CreateObjectMapping: 0.060900 ms MarkObjects: 1.611900 ms  DeleteObjects: 0.195500 ms)

AssetImportParameters requested are different than current active one (requested -> active):
  custom:framework-win-MediaFoundation: 216162199b28c13a410421893ffa2e32 -> 
  custom:video-decoder-ogg-theora: a1e56fd34408186e4bbccfd4996cb3dc -> 
  custom:container-muxer-webm: aa71ff27fc2769a1b78a27578f13a17b -> 
  custom:container-demuxer-webm: 4f35f7cbe854078d1ac9338744f61a02 -> 
  custom:container-demuxer-ogg: 62fdf1f143b41e24485cea50d1cbac27 -> 
  custom:video-encoder-webm-vp8: eb34c28f22e8b96e1ab97ce403110664 -> 
  custom:video-decoder-webm-vp8: 9c59270c3fd7afecdb556c50c9e8de78 -> 
  custom:audio-decoder-ogg-vorbis: bf7c407c2cedff20999df2af8eb42d56 -> 
  custom:audio-encoder-webm-vorbis: bf7c407c2cedff20999df2af8eb42d56 -> 
========================================================================
Received Import Request.
  Time since last request: 176.154059 seconds.
  path: Assets/Scripts_Law/Player_Movement_Law.cs
  artifactKey: Guid(97f690996e54b3748b20dd574bfd64a9) Importer(815301076,1909f56bfc062723c751e8b465ee728b)
Start importing Assets/Scripts_Law/Player_Movement_Law.cs using Guid(97f690996e54b3748b20dd574bfd64a9) Importer(815301076,1909f56bfc062723c751e8b465ee728b)  -> (artifact id: '6f8eedbea6ebbce2421996c7fed1afc6') in 0.005068 seconds 
  Import took 0.007820 seconds .

========================================================================
Received Prepare
Registering precompiled user dll's ...
Registered in 0.003118 seconds.
Begin MonoManager ReloadAssembly
Native extension for WindowsStandalone target not found
Refreshing native plugins compatible for Editor in 0.39 ms, found 2 plugins.
Preloading 0 native plugins for Editor in 0.00 ms.
Warning: Annotation not found!
UnityEngine.StackTraceUtility:ExtractStackTrace ()
UnityEditor.ProBuilder.EditorUtility:SetGizmoIconEnabled (System.Type,bool) (at Library/PackageCache/com.unity.probuilder@4.5.0/Editor/EditorCore/EditorUtility.cs:593)
UnityEditor.ProBuilder.HierarchyListener:.cctor () (at Library/PackageCache/com.unity.probuilder@4.5.0/Editor/EditorCore/HierarchyListener.cs:21)
System.Runtime.CompilerServices.RuntimeHelpers:RunClassConstructor (System.RuntimeTypeHandle)
UnityEditor.EditorAssemblies:ProcessInitializeOnLoadAttributes (System.Type[])

[Library/PackageCache/com.unity.probuilder@4.5.0/Editor/EditorCore/EditorUtility.cs line 593]

Mono: successfully reloaded assembly
- Completed reload, in  0.834 seconds
Platform modules already initialized, skipping
Refreshing native plugins compatible for Editor in 0.39 ms, found 2 plugins.
Preloading 0 native plugins for Editor in 0.00 ms.
Unloading 1837 Unused Serialized files (Serialized files now loaded: 0)
System memory in use before: 105.4 MB.
System memory in use after: 105.5 MB.

Unloading 14 unused Assets to reduce memory usage. Loaded Objects now: 2411.
Total: 2.020000 ms (FindLiveObjects: 0.160000 ms CreateObjectMapping: 0.061200 ms MarkObjects: 1.609700 ms  DeleteObjects: 0.188400 ms)

AssetImportParameters requested are different than current active one (requested -> active):
  custom:framework-win-MediaFoundation: 216162199b28c13a410421893ffa2e32 -> 
  custom:video-decoder-ogg-theora: a1e56fd34408186e4bbccfd4996cb3dc -> 
  custom:container-muxer-webm: aa71ff27fc2769a1b78a27578f13a17b -> 
  custom:container-demuxer-webm: 4f35f7cbe854078d1ac9338744f61a02 -> 
  custom:container-demuxer-ogg: 62fdf1f143b41e24485cea50d1cbac27 -> 
  custom:video-encoder-webm-vp8: eb34c28f22e8b96e1ab97ce403110664 -> 
  custom:video-decoder-webm-vp8: 9c59270c3fd7afecdb556c50c9e8de78 -> 
  custom:audio-decoder-ogg-vorbis: bf7c407c2cedff20999df2af8eb42d56 -> 
  custom:audio-encoder-webm-vorbis: bf7c407c2cedff20999df2af8eb42d56 -> 
========================================================================
Received Prepare
Registering precompiled user dll's ...
Registered in 0.003403 seconds.
Begin MonoManager ReloadAssembly
Native extension for WindowsStandalone target not found
Refreshing native plugins compatible for Editor in 0.43 ms, found 2 plugins.
Preloading 0 native plugins for Editor in 0.00 ms.
Warning: Annotation not found!
UnityEngine.StackTraceUtility:ExtractStackTrace ()
UnityEditor.ProBuilder.EditorUtility:SetGizmoIconEnabled (System.Type,bool) (at Library/PackageCache/com.unity.probuilder@4.5.0/Editor/EditorCore/EditorUtility.cs:593)
UnityEditor.ProBuilder.HierarchyListener:.cctor () (at Library/PackageCache/com.unity.probuilder@4.5.0/Editor/EditorCore/HierarchyListener.cs:21)
System.Runtime.CompilerServices.RuntimeHelpers:RunClassConstructor (System.RuntimeTypeHandle)
UnityEditor.EditorAssemblies:ProcessInitializeOnLoadAttributes (System.Type[])

[Library/PackageCache/com.unity.probuilder@4.5.0/Editor/EditorCore/EditorUtility.cs line 593]

Mono: successfully reloaded assembly
- Completed reload, in  0.915 seconds
Platform modules already initialized, skipping
Refreshing native plugins compatible for Editor in 0.39 ms, found 2 plugins.
Preloading 0 native plugins for Editor in 0.00 ms.
Unloading 1837 Unused Serialized files (Serialized files now loaded: 0)
System memory in use before: 105.4 MB.
System memory in use after: 105.5 MB.

Unloading 14 unused Assets to reduce memory usage. Loaded Objects now: 2414.
Total: 2.024100 ms (FindLiveObjects: 0.188100 ms CreateObjectMapping: 0.069000 ms MarkObjects: 1.654400 ms  DeleteObjects: 0.111700 ms)

AssetImportParameters requested are different than current active one (requested -> active):
  custom:framework-win-MediaFoundation: 216162199b28c13a410421893ffa2e32 -> 
  custom:video-decoder-ogg-theora: a1e56fd34408186e4bbccfd4996cb3dc -> 
  custom:container-muxer-webm: aa71ff27fc2769a1b78a27578f13a17b -> 
  custom:container-demuxer-webm: 4f35f7cbe854078d1ac9338744f61a02 -> 
  custom:container-demuxer-ogg: 62fdf1f143b41e24485cea50d1cbac27 -> 
  custom:video-encoder-webm-vp8: eb34c28f22e8b96e1ab97ce403110664 -> 
  custom:video-decoder-webm-vp8: 9c59270c3fd7afecdb556c50c9e8de78 -> 
  custom:audio-decoder-ogg-vorbis: bf7c407c2cedff20999df2af8eb42d56 -> 
  custom:audio-encoder-webm-vorbis: bf7c407c2cedff20999df2af8eb42d56 -> 
========================================================================
Received Prepare
Registering precompiled user dll's ...
Registered in 0.003250 seconds.
Begin MonoManager ReloadAssembly
Native extension for WindowsStandalone target not found
Refreshing native plugins compatible for Editor in 0.39 ms, found 2 plugins.
Preloading 0 native plugins for Editor in 0.00 ms.
Warning: Annotation not found!
UnityEngine.StackTraceUtility:ExtractStackTrace ()
UnityEditor.ProBuilder.EditorUtility:SetGizmoIconEnabled (System.Type,bool) (at Library/PackageCache/com.unity.probuilder@4.5.0/Editor/EditorCore/EditorUtility.cs:593)
UnityEditor.ProBuilder.HierarchyListener:.cctor () (at Library/PackageCache/com.unity.probuilder@4.5.0/Editor/EditorCore/HierarchyListener.cs:21)
System.Runtime.CompilerServices.RuntimeHelpers:RunClassConstructor (System.RuntimeTypeHandle)
UnityEditor.EditorAssemblies:ProcessInitializeOnLoadAttributes (System.Type[])

[Library/PackageCache/com.unity.probuilder@4.5.0/Editor/EditorCore/EditorUtility.cs line 593]

Mono: successfully reloaded assembly
- Completed reload, in  0.835 seconds
Platform modules already initialized, skipping
Refreshing native plugins compatible for Editor in 0.39 ms, found 2 plugins.
Preloading 0 native plugins for Editor in 0.00 ms.
Unloading 1837 Unused Serialized files (Serialized files now loaded: 0)
System memory in use before: 105.4 MB.
System memory in use after: 105.5 MB.

Unloading 14 unused Assets to reduce memory usage. Loaded Objects now: 2417.
Total: 2.000000 ms (FindLiveObjects: 0.163800 ms CreateObjectMapping: 0.061600 ms MarkObjects: 1.668900 ms  DeleteObjects: 0.104800 ms)

AssetImportParameters requested are different than current active one (requested -> active):
  custom:framework-win-MediaFoundation: 216162199b28c13a410421893ffa2e32 -> 
  custom:video-decoder-ogg-theora: a1e56fd34408186e4bbccfd4996cb3dc -> 
  custom:container-muxer-webm: aa71ff27fc2769a1b78a27578f13a17b -> 
  custom:container-demuxer-webm: 4f35f7cbe854078d1ac9338744f61a02 -> 
  custom:container-demuxer-ogg: 62fdf1f143b41e24485cea50d1cbac27 -> 
  custom:video-encoder-webm-vp8: eb34c28f22e8b96e1ab97ce403110664 -> 
  custom:video-decoder-webm-vp8: 9c59270c3fd7afecdb556c50c9e8de78 -> 
  custom:audio-decoder-ogg-vorbis: bf7c407c2cedff20999df2af8eb42d56 -> 
  custom:audio-encoder-webm-vorbis: bf7c407c2cedff20999df2af8eb42d56 -> 
========================================================================
Received Prepare
Registering precompiled user dll's ...
Registered in 0.003188 seconds.
Begin MonoManager ReloadAssembly
Native extension for WindowsStandalone target not found
Refreshing native plugins compatible for Editor in 0.37 ms, found 2 plugins.
Preloading 0 native plugins for Editor in 0.00 ms.
Warning: Annotation not found!
UnityEngine.StackTraceUtility:ExtractStackTrace ()
UnityEditor.ProBuilder.EditorUtility:SetGizmoIconEnabled (System.Type,bool) (at Library/PackageCache/com.unity.probuilder@4.5.0/Editor/EditorCore/EditorUtility.cs:593)
UnityEditor.ProBuilder.HierarchyListener:.cctor () (at Library/PackageCache/com.unity.probuilder@4.5.0/Editor/EditorCore/HierarchyListener.cs:21)
System.Runtime.CompilerServices.RuntimeHelpers:RunClassConstructor (System.RuntimeTypeHandle)
UnityEditor.EditorAssemblies:ProcessInitializeOnLoadAttributes (System.Type[])

[Library/PackageCache/com.unity.probuilder@4.5.0/Editor/EditorCore/EditorUtility.cs line 593]

Mono: successfully reloaded assembly
- Completed reload, in  0.847 seconds
Platform modules already initialized, skipping
Refreshing native plugins compatible for Editor in 0.39 ms, found 2 plugins.
Preloading 0 native plugins for Editor in 0.00 ms.
Unloading 1837 Unused Serialized files (Serialized files now loaded: 0)
System memory in use before: 105.4 MB.
System memory in use after: 105.5 MB.

Unloading 14 unused Assets to reduce memory usage. Loaded Objects now: 2420.
Total: 2.092100 ms (FindLiveObjects: 0.174700 ms CreateObjectMapping: 0.067000 ms MarkObjects: 1.734000 ms  DeleteObjects: 0.115200 ms)

AssetImportParameters requested are different than current active one (requested -> active):
  custom:framework-win-MediaFoundation: 216162199b28c13a410421893ffa2e32 -> 
  custom:video-decoder-ogg-theora: a1e56fd34408186e4bbccfd4996cb3dc -> 
  custom:container-muxer-webm: aa71ff27fc2769a1b78a27578f13a17b -> 
  custom:container-demuxer-webm: 4f35f7cbe854078d1ac9338744f61a02 -> 
  custom:container-demuxer-ogg: 62fdf1f143b41e24485cea50d1cbac27 -> 
  custom:video-encoder-webm-vp8: eb34c28f22e8b96e1ab97ce403110664 -> 
  custom:video-decoder-webm-vp8: 9c59270c3fd7afecdb556c50c9e8de78 -> 
  custom:audio-decoder-ogg-vorbis: bf7c407c2cedff20999df2af8eb42d56 -> 
  custom:audio-encoder-webm-vorbis: bf7c407c2cedff20999df2af8eb42d56 -> 
========================================================================
Received Prepare
Registering precompiled user dll's ...
Registered in 0.004044 seconds.
Begin MonoManager ReloadAssembly
Native extension for WindowsStandalone target not found
Refreshing native plugins compatible for Editor in 0.40 ms, found 2 plugins.
Preloading 0 native plugins for Editor in 0.00 ms.
Warning: Annotation not found!
UnityEngine.StackTraceUtility:ExtractStackTrace ()
UnityEditor.ProBuilder.EditorUtility:SetGizmoIconEnabled (System.Type,bool) (at Library/PackageCache/com.unity.probuilder@4.5.0/Editor/EditorCore/EditorUtility.cs:593)
UnityEditor.ProBuilder.HierarchyListener:.cctor () (at Library/PackageCache/com.unity.probuilder@4.5.0/Editor/EditorCore/HierarchyListener.cs:21)
System.Runtime.CompilerServices.RuntimeHelpers:RunClassConstructor (System.RuntimeTypeHandle)
UnityEditor.EditorAssemblies:ProcessInitializeOnLoadAttributes (System.Type[])

[Library/PackageCache/com.unity.probuilder@4.5.0/Editor/EditorCore/EditorUtility.cs line 593]

Mono: successfully reloaded assembly
- Completed reload, in  0.855 seconds
Platform modules already initialized, skipping
Refreshing native plugins compatible for Editor in 0.39 ms, found 2 plugins.
Preloading 0 native plugins for Editor in 0.00 ms.
Unloading 1837 Unused Serialized files (Serialized files now loaded: 0)
System memory in use before: 105.5 MB.
System memory in use after: 105.5 MB.

Unloading 14 unused Assets to reduce memory usage. Loaded Objects now: 2423.
Total: 1.993100 ms (FindLiveObjects: 0.176200 ms CreateObjectMapping: 0.062300 ms MarkObjects: 1.589500 ms  DeleteObjects: 0.164200 ms)

AssetImportParameters requested are different than current active one (requested -> active):
  custom:framework-win-MediaFoundation: 216162199b28c13a410421893ffa2e32 -> 
  custom:video-decoder-ogg-theora: a1e56fd34408186e4bbccfd4996cb3dc -> 
  custom:container-muxer-webm: aa71ff27fc2769a1b78a27578f13a17b -> 
  custom:container-demuxer-webm: 4f35f7cbe854078d1ac9338744f61a02 -> 
  custom:container-demuxer-ogg: 62fdf1f143b41e24485cea50d1cbac27 -> 
  custom:video-encoder-webm-vp8: eb34c28f22e8b96e1ab97ce403110664 -> 
  custom:video-decoder-webm-vp8: 9c59270c3fd7afecdb556c50c9e8de78 -> 
  custom:audio-decoder-ogg-vorbis: bf7c407c2cedff20999df2af8eb42d56 -> 
  custom:audio-encoder-webm-vorbis: bf7c407c2cedff20999df2af8eb42d56 -> 
========================================================================
Received Prepare
Registering precompiled user dll's ...
Registered in 0.003205 seconds.
Begin MonoManager ReloadAssembly
Native extension for WindowsStandalone target not found
Refreshing native plugins compatible for Editor in 0.43 ms, found 2 plugins.
Preloading 0 native plugins for Editor in 0.00 ms.
Warning: Annotation not found!
UnityEngine.StackTraceUtility:ExtractStackTrace ()
UnityEditor.ProBuilder.EditorUtility:SetGizmoIconEnabled (System.Type,bool) (at Library/PackageCache/com.unity.probuilder@4.5.0/Editor/EditorCore/EditorUtility.cs:593)
UnityEditor.ProBuilder.HierarchyListener:.cctor () (at Library/PackageCache/com.unity.probuilder@4.5.0/Editor/EditorCore/HierarchyListener.cs:21)
System.Runtime.CompilerServices.RuntimeHelpers:RunClassConstructor (System.RuntimeTypeHandle)
UnityEditor.EditorAssemblies:ProcessInitializeOnLoadAttributes (System.Type[])

[Library/PackageCache/com.unity.probuilder@4.5.0/Editor/EditorCore/EditorUtility.cs line 593]

Mono: successfully reloaded assembly
- Completed reload, in  0.926 seconds
Platform modules already initialized, skipping
Refreshing native plugins compatible for Editor in 0.38 ms, found 2 plugins.
Preloading 0 native plugins for Editor in 0.00 ms.
Unloading 1837 Unused Serialized files (Serialized files now loaded: 0)
System memory in use before: 105.5 MB.
System memory in use after: 105.5 MB.

Unloading 14 unused Assets to reduce memory usage. Loaded Objects now: 2426.
Total: 2.004800 ms (FindLiveObjects: 0.168700 ms CreateObjectMapping: 0.063700 ms MarkObjects: 1.630000 ms  DeleteObjects: 0.141700 ms)

AssetImportParameters requested are different than current active one (requested -> active):
  custom:framework-win-MediaFoundation: 216162199b28c13a410421893ffa2e32 -> 
  custom:video-decoder-ogg-theora: a1e56fd34408186e4bbccfd4996cb3dc -> 
  custom:container-muxer-webm: aa71ff27fc2769a1b78a27578f13a17b -> 
  custom:container-demuxer-webm: 4f35f7cbe854078d1ac9338744f61a02 -> 
  custom:container-demuxer-ogg: 62fdf1f143b41e24485cea50d1cbac27 -> 
  custom:video-encoder-webm-vp8: eb34c28f22e8b96e1ab97ce403110664 -> 
  custom:video-decoder-webm-vp8: 9c59270c3fd7afecdb556c50c9e8de78 -> 
  custom:audio-decoder-ogg-vorbis: bf7c407c2cedff20999df2af8eb42d56 -> 
  custom:audio-encoder-webm-vorbis: bf7c407c2cedff20999df2af8eb42d56 -> 
========================================================================
Received Prepare
Registering precompiled user dll's ...
Registered in 0.003218 seconds.
Begin MonoManager ReloadAssembly
Native extension for WindowsStandalone target not found
Refreshing native plugins compatible for Editor in 0.40 ms, found 2 plugins.
Preloading 0 native plugins for Editor in 0.00 ms.
Warning: Annotation not found!
UnityEngine.StackTraceUtility:ExtractStackTrace ()
UnityEditor.ProBuilder.EditorUtility:SetGizmoIconEnabled (System.Type,bool) (at Library/PackageCache/com.unity.probuilder@4.5.0/Editor/EditorCore/EditorUtility.cs:593)
UnityEditor.ProBuilder.HierarchyListener:.cctor () (at Library/PackageCache/com.unity.probuilder@4.5.0/Editor/EditorCore/HierarchyListener.cs:21)
System.Runtime.CompilerServices.RuntimeHelpers:RunClassConstructor (System.RuntimeTypeHandle)
UnityEditor.EditorAssemblies:ProcessInitializeOnLoadAttributes (System.Type[])

[Library/PackageCache/com.unity.probuilder@4.5.0/Editor/EditorCore/EditorUtility.cs line 593]

Mono: successfully reloaded assembly
- Completed reload, in  0.812 seconds
Platform modules already initialized, skipping
Refreshing native plugins compatible for Editor in 0.38 ms, found 2 plugins.
Preloading 0 native plugins for Editor in 0.00 ms.
Unloading 1837 Unused Serialized files (Serialized files now loaded: 0)
System memory in use before: 105.5 MB.
System memory in use after: 105.5 MB.

Unloading 14 unused Assets to reduce memory usage. Loaded Objects now: 2429.
Total: 2.062500 ms (FindLiveObjects: 0.164100 ms CreateObjectMapping: 0.060400 ms MarkObjects: 1.725900 ms  DeleteObjects: 0.111300 ms)

AssetImportParameters requested are different than current active one (requested -> active):
  custom:framework-win-MediaFoundation: 216162199b28c13a410421893ffa2e32 -> 
  custom:video-decoder-ogg-theora: a1e56fd34408186e4bbccfd4996cb3dc -> 
  custom:container-muxer-webm: aa71ff27fc2769a1b78a27578f13a17b -> 
  custom:container-demuxer-webm: 4f35f7cbe854078d1ac9338744f61a02 -> 
  custom:container-demuxer-ogg: 62fdf1f143b41e24485cea50d1cbac27 -> 
  custom:video-encoder-webm-vp8: eb34c28f22e8b96e1ab97ce403110664 -> 
  custom:video-decoder-webm-vp8: 9c59270c3fd7afecdb556c50c9e8de78 -> 
  custom:audio-decoder-ogg-vorbis: bf7c407c2cedff20999df2af8eb42d56 -> 
  custom:audio-encoder-webm-vorbis: bf7c407c2cedff20999df2af8eb42d56 -> 
========================================================================
Received Import Request.
  Time since last request: 455.725472 seconds.
  path: Assets/Materials/ICE_sushishop/Materials/Icem2 1.mat
  artifactKey: Guid(1f64e8b43bcb3a44a9e1078c74bb910e) Importer(815301076,1909f56bfc062723c751e8b465ee728b)
Start importing Assets/Materials/ICE_sushishop/Materials/Icem2 1.mat using Guid(1f64e8b43bcb3a44a9e1078c74bb910e) Importer(815301076,1909f56bfc062723c751e8b465ee728b)  -> (artifact id: '7a6541dd5a0f3962a1218b362de79ea5') in 0.123667 seconds 
  Import took 0.126894 seconds .

========================================================================
Received Import Request.
  Time since last request: 0.069936 seconds.
  path: Assets/Materials/ICE_sushishop/Materials/Icem2 2.mat
  artifactKey: Guid(74283a6201816fc4f896bc2e665e3f23) Importer(815301076,1909f56bfc062723c751e8b465ee728b)
Start importing Assets/Materials/ICE_sushishop/Materials/Icem2 2.mat using Guid(74283a6201816fc4f896bc2e665e3f23) Importer(815301076,1909f56bfc062723c751e8b465ee728b)  -> (artifact id: 'bce33daa6256cc7182b04bb49ffe7b3b') in 0.015575 seconds 
  Import took 0.018641 seconds .

========================================================================
Received Import Request.
  Time since last request: 38.487044 seconds.
  path: Assets/Materials_Nico/WallMat 1.mat
  artifactKey: Guid(085d239395c2a6249b09fbc11b477831) Importer(815301076,1909f56bfc062723c751e8b465ee728b)
Start importing Assets/Materials_Nico/WallMat 1.mat using Guid(085d239395c2a6249b09fbc11b477831) Importer(815301076,1909f56bfc062723c751e8b465ee728b)  -> (artifact id: '73334bfebef971d5956e23e5c7ea0ef6') in 0.016882 seconds 
  Import took 0.020091 seconds .

========================================================================
Received Import Request.
  Time since last request: 38.878343 seconds.
  path: Assets/Scenes/SampleScene.unity
  artifactKey: Guid(69027f70106b03040b9723ef4db0b56e) Importer(815301076,1909f56bfc062723c751e8b465ee728b)
Start importing Assets/Scenes/SampleScene.unity using Guid(69027f70106b03040b9723ef4db0b56e) Importer(815301076,1909f56bfc062723c751e8b465ee728b)  -> (artifact id: 'cdf0674aaa6b86787e2f9a666831abcd') in 0.003122 seconds 
  Import took 0.006407 seconds .

========================================================================
Received Prepare
Registering precompiled user dll's ...
Registered in 0.003167 seconds.
Begin MonoManager ReloadAssembly
Native extension for WindowsStandalone target not found
Refreshing native plugins compatible for Editor in 0.37 ms, found 2 plugins.
Preloading 0 native plugins for Editor in 0.00 ms.
Warning: Annotation not found!
UnityEngine.StackTraceUtility:ExtractStackTrace ()
UnityEditor.ProBuilder.EditorUtility:SetGizmoIconEnabled (System.Type,bool) (at Library/PackageCache/com.unity.probuilder@4.5.0/Editor/EditorCore/EditorUtility.cs:593)
UnityEditor.ProBuilder.HierarchyListener:.cctor () (at Library/PackageCache/com.unity.probuilder@4.5.0/Editor/EditorCore/HierarchyListener.cs:21)
System.Runtime.CompilerServices.RuntimeHelpers:RunClassConstructor (System.RuntimeTypeHandle)
UnityEditor.EditorAssemblies:ProcessInitializeOnLoadAttributes (System.Type[])

[Library/PackageCache/com.unity.probuilder@4.5.0/Editor/EditorCore/EditorUtility.cs line 593]

Mono: successfully reloaded assembly
- Completed reload, in  0.875 seconds
Platform modules already initialized, skipping
Refreshing native plugins compatible for Editor in 0.39 ms, found 2 plugins.
Preloading 0 native plugins for Editor in 0.00 ms.
Unloading 1837 Unused Serialized files (Serialized files now loaded: 0)
System memory in use before: 105.5 MB.
System memory in use after: 105.6 MB.

Unloading 14 unused Assets to reduce memory usage. Loaded Objects now: 2443.
Total: 2.365700 ms (FindLiveObjects: 0.189700 ms CreateObjectMapping: 0.066200 ms MarkObjects: 1.949000 ms  DeleteObjects: 0.159900 ms)

AssetImportParameters requested are different than current active one (requested -> active):
  custom:framework-win-MediaFoundation: 216162199b28c13a410421893ffa2e32 -> 
  custom:video-decoder-ogg-theora: a1e56fd34408186e4bbccfd4996cb3dc -> 
  custom:container-muxer-webm: aa71ff27fc2769a1b78a27578f13a17b -> 
  custom:container-demuxer-webm: 4f35f7cbe854078d1ac9338744f61a02 -> 
  custom:container-demuxer-ogg: 62fdf1f143b41e24485cea50d1cbac27 -> 
  custom:video-encoder-webm-vp8: eb34c28f22e8b96e1ab97ce403110664 -> 
  custom:video-decoder-webm-vp8: 9c59270c3fd7afecdb556c50c9e8de78 -> 
  custom:audio-decoder-ogg-vorbis: bf7c407c2cedff20999df2af8eb42d56 -> 
  custom:audio-encoder-webm-vorbis: bf7c407c2cedff20999df2af8eb42d56 -> 
========================================================================
Received Import Request.
  Time since last request: 539.226172 seconds.
  path: Assets/Scenes/SampleScene.unity
  artifactKey: Guid(69027f70106b03040b9723ef4db0b56e) Importer(815301076,1909f56bfc062723c751e8b465ee728b)
Start importing Assets/Scenes/SampleScene.unity using Guid(69027f70106b03040b9723ef4db0b56e) Importer(815301076,1909f56bfc062723c751e8b465ee728b)  -> (artifact id: 'b177cf11da47618158eadb5afbb08c2a') in 0.015516 seconds 
  Import took 0.018549 seconds .

========================================================================
Received Import Request.
  Time since last request: 37.641169 seconds.
  path: Assets/Materials_Nico
  artifactKey: Guid(21ea0bc93468121449fad4a39db8ab8c) Importer(815301076,1909f56bfc062723c751e8b465ee728b)
Start importing Assets/Materials_Nico using Guid(21ea0bc93468121449fad4a39db8ab8c) Importer(815301076,1909f56bfc062723c751e8b465ee728b)  -> (artifact id: '20fb6533cc6277a5ee3188bd19dc218b') in 0.008105 seconds 
  Import took 0.010943 seconds .

========================================================================
Received Import Request.
  Time since last request: 0.067078 seconds.
  path: Assets/Materials_Nico/WallMat 1.mat
  artifactKey: Guid(085d239395c2a6249b09fbc11b477831) Importer(815301076,1909f56bfc062723c751e8b465ee728b)
Start importing Assets/Materials_Nico/WallMat 1.mat using Guid(085d239395c2a6249b09fbc11b477831) Importer(815301076,1909f56bfc062723c751e8b465ee728b)  -> (artifact id: 'e9a3756f4b552c512a45022a4a465486') in 0.045786 seconds 
  Import took 0.048620 seconds .

========================================================================
Received Import Request.
  Time since last request: 0.000284 seconds.
  path: Assets/Materials_Nico/WallMat 2.mat
  artifactKey: Guid(a216bf1a6970a8b4bb8728ed7e70b5d2) Importer(815301076,1909f56bfc062723c751e8b465ee728b)
Start importing Assets/Materials_Nico/WallMat 2.mat using Guid(a216bf1a6970a8b4bb8728ed7e70b5d2) Importer(815301076,1909f56bfc062723c751e8b465ee728b)  -> (artifact id: '4781ba3880eec0b2cc2836a3782933f5') in 0.019061 seconds 
  Import took 0.021696 seconds .

========================================================================
Received Import Request.
  Time since last request: 0.000324 seconds.
  path: Assets/Materials_Nico/WallMat.mat
  artifactKey: Guid(b68a595d74da29841bd345e7076a2bde) Importer(815301076,1909f56bfc062723c751e8b465ee728b)
Start importing Assets/Materials_Nico/WallMat.mat using Guid(b68a595d74da29841bd345e7076a2bde) Importer(815301076,1909f56bfc062723c751e8b465ee728b)  -> (artifact id: 'f3e80467aa8253ce3bdf8deecbd6ec16') in 0.017166 seconds 
  Import took 0.020441 seconds .

========================================================================
Received Prepare
Registering precompiled user dll's ...
Registered in 0.003566 seconds.
Begin MonoManager ReloadAssembly
Native extension for WindowsStandalone target not found
Refreshing native plugins compatible for Editor in 0.45 ms, found 2 plugins.
Preloading 0 native plugins for Editor in 0.00 ms.
Warning: Annotation not found!
UnityEngine.StackTraceUtility:ExtractStackTrace ()
UnityEditor.ProBuilder.EditorUtility:SetGizmoIconEnabled (System.Type,bool) (at Library/PackageCache/com.unity.probuilder@4.5.0/Editor/EditorCore/EditorUtility.cs:593)
UnityEditor.ProBuilder.HierarchyListener:.cctor () (at Library/PackageCache/com.unity.probuilder@4.5.0/Editor/EditorCore/HierarchyListener.cs:21)
System.Runtime.CompilerServices.RuntimeHelpers:RunClassConstructor (System.RuntimeTypeHandle)
UnityEditor.EditorAssemblies:ProcessInitializeOnLoadAttributes (System.Type[])

[Library/PackageCache/com.unity.probuilder@4.5.0/Editor/EditorCore/EditorUtility.cs line 593]

Mono: successfully reloaded assembly
- Completed reload, in  0.863 seconds
Platform modules already initialized, skipping
Refreshing native plugins compatible for Editor in 0.39 ms, found 2 plugins.
Preloading 0 native plugins for Editor in 0.00 ms.
Unloading 1837 Unused Serialized files (Serialized files now loaded: 0)
System memory in use before: 105.6 MB.
System memory in use after: 105.6 MB.

Unloading 14 unused Assets to reduce memory usage. Loaded Objects now: 2447.
Total: 2.151000 ms (FindLiveObjects: 0.167100 ms CreateObjectMapping: 0.060600 ms MarkObjects: 1.797000 ms  DeleteObjects: 0.125400 ms)

AssetImportParameters requested are different than current active one (requested -> active):
  custom:framework-win-MediaFoundation: 216162199b28c13a410421893ffa2e32 -> 
  custom:video-decoder-ogg-theora: a1e56fd34408186e4bbccfd4996cb3dc -> 
  custom:container-muxer-webm: aa71ff27fc2769a1b78a27578f13a17b -> 
  custom:container-demuxer-webm: 4f35f7cbe854078d1ac9338744f61a02 -> 
  custom:container-demuxer-ogg: 62fdf1f143b41e24485cea50d1cbac27 -> 
  custom:video-encoder-webm-vp8: eb34c28f22e8b96e1ab97ce403110664 -> 
  custom:video-decoder-webm-vp8: 9c59270c3fd7afecdb556c50c9e8de78 -> 
  custom:audio-decoder-ogg-vorbis: bf7c407c2cedff20999df2af8eb42d56 -> 
  custom:audio-encoder-webm-vorbis: bf7c407c2cedff20999df2af8eb42d56 -> 
========================================================================
Received Import Request.
  Time since last request: 202.730731 seconds.
  path: Assets/Materials_Nico/WallMat 2.mat
  artifactKey: Guid(a216bf1a6970a8b4bb8728ed7e70b5d2) Importer(815301076,1909f56bfc062723c751e8b465ee728b)
Start importing Assets/Materials_Nico/WallMat 2.mat using Guid(a216bf1a6970a8b4bb8728ed7e70b5d2) Importer(815301076,1909f56bfc062723c751e8b465ee728b)  -> (artifact id: '756c5837ba5e85a48786f12c57d99400') in 0.053970 seconds 
  Import took 0.056760 seconds .

========================================================================
Received Import Request.
  Time since last request: 0.000209 seconds.
  path: Assets/Materials_Nico/WallMat.mat
  artifactKey: Guid(b68a595d74da29841bd345e7076a2bde) Importer(815301076,1909f56bfc062723c751e8b465ee728b)
Start importing Assets/Materials_Nico/WallMat.mat using Guid(b68a595d74da29841bd345e7076a2bde) Importer(815301076,1909f56bfc062723c751e8b465ee728b)  -> (artifact id: '848abc0b41c6b4e121495dfddb1d589f') in 0.012627 seconds 
  Import took 0.015229 seconds .

========================================================================
Received Import Request.
  Time since last request: 0.000228 seconds.
  path: Assets/Materials_Nico/WallMat 1.mat
  artifactKey: Guid(085d239395c2a6249b09fbc11b477831) Importer(815301076,1909f56bfc062723c751e8b465ee728b)
Start importing Assets/Materials_Nico/WallMat 1.mat using Guid(085d239395c2a6249b09fbc11b477831) Importer(815301076,1909f56bfc062723c751e8b465ee728b)  -> (artifact id: '9da3934b5e04706bf08d32c39a3aa3c2') in 0.013382 seconds 
  Import took 0.015917 seconds .

AssetImportWorkerClient::OnTransportError - code=2 error=End of file
